<?xml version="1.0" encoding="UTF-8"?>
<!-- Generated by org.testng.reporters.JUnitReportReporter -->
<testsuite hostname="DESKTOP-IV0GA5F" name="com.kroger.databasetesting.chromeTestWithDockerGrid3" tests="1" failures="0" timestamp="20 May 2020 17:23:01 GMT" time="42.130" errors="0">
  <testcase name="test3" time="42.130" classname="com.kroger.databasetesting.chromeTestWithDockerGrid3"/>
</testsuite> <!-- com.kroger.databasetesting.chromeTestWithDockerGrid3 -->
