<?xml version="1.0" encoding="UTF-8"?>
<!-- Generated by org.testng.reporters.JUnitReportReporter -->
<testsuite skipped="0" hostname="DESKTOP-IV0GA5F" name="com.kroger.docker.chromeTestWithDockerGrid1" tests="1" failures="0" timestamp="2020-05-20T16:05:51 EDT" time="57.618" errors="0">
  <testcase name="test1" time="57.618" classname="com.kroger.docker.chromeTestWithDockerGrid1"/>
  <system-out/>
</testsuite> <!-- com.kroger.docker.chromeTestWithDockerGrid1 -->
