<?xml version="1.0" encoding="UTF-8"?>
<!-- Generated by org.testng.reporters.JUnitReportReporter -->
<testsuite hostname="DESKTOP-IV0GA5F" name="com.kroger.databasetesting.chromeTestWithDockerGrid1" tests="1" failures="0" timestamp="20 May 2020 17:23:01 GMT" time="29.992" errors="0">
  <testcase name="test1" time="29.992" classname="com.kroger.databasetesting.chromeTestWithDockerGrid1"/>
</testsuite> <!-- com.kroger.databasetesting.chromeTestWithDockerGrid1 -->
